<?xml version="1.0" encoding="UTF-8"?>
<testsuite name="lab1.BookKtTest" tests="10" skipped="0" failures="0" errors="0" timestamp="2022-05-16T07:32:56" hostname="LAPTOP-C910B5IJ" time="0.174">
  <properties/>
  <testcase name="test correct youngestBook fun()" classname="lab1.BookKtTest" time="0.09"/>
  <testcase name="test correct shortestNameBook fun()" classname="lab1.BookKtTest" time="0.002"/>
  <testcase name="test correct parse fun for string with year exception()" classname="lab1.BookKtTest" time="0.055"/>
  <testcase name="test correct oldestBook fun()" classname="lab1.BookKtTest" time="0.002"/>
  <testcase name="test correct parse fun for empty string()" classname="lab1.BookKtTest" time="0.002"/>
  <testcase name="test correct parse fun for string with author exception()" classname="lab1.BookKtTest" time="0.002"/>
  <testcase name="test correct parse fun()" classname="lab1.BookKtTest" time="0.002"/>
  <testcase name="test correct parse fun for string with name exception()" classname="lab1.BookKtTest" time="0.002"/>
  <testcase name="test correct longestNameBook fun()" classname="lab1.BookKtTest" time="0.001"/>
  <testcase name="test correct parse fun for string with incorrect year()" classname="lab1.BookKtTest" time="0.002"/>
  <system-out><![CDATA[]]></system-out>
  <system-err><![CDATA[]]></system-err>
</testsuite>
