<?xml version="1.0" encoding="UTF-8"?>
<testsuite name="lab1.BookKtTest" tests="1" skipped="0" failures="0" errors="0" timestamp="2022-05-16T06:56:11" hostname="LAPTOP-C910B5IJ" time="0.048">
  <properties/>
  <testcase name="test correct oldestBook fun()" classname="lab1.BookKtTest" time="0.048"/>
  <system-out><![CDATA[]]></system-out>
  <system-err><![CDATA[]]></system-err>
</testsuite>
